<?xml version="1.0" encoding="UTF-8"?>
<!-- Generated by org.testng.reporters.JUnitXMLReporter -->
<testsuite hostname="DESKTOP-AKV4U58" ignored="1" name="Test" tests="7" failures="0" timestamp="18 Aug 2020 11:09:17 GMT" time="53.886" errors="0">
  <testcase name="@BeforeClass setup" time="0.0" classname="com.qa.pages.BaseClass">
    <failure type="java.lang.NullPointerException">
      <![CDATA[java.lang.NullPointerException
	at com.qa.pages.BaseClass.setup(BaseClass.java:30)
... Removed 25 stack frames]]>
    </failure>
  </testcase> <!-- @BeforeClass setup -->
  <testcase name="@AfterMethod tearDownMethod" time="0.0" classname="com.qa.pages.BaseClass">
    <skipped/>
  </testcase> <!-- @AfterMethod tearDownMethod -->
  <testcase name="@AfterMethod tearDownMethod" time="0.0" classname="com.qa.pages.BaseClass">
    <skipped/>
  </testcase> <!-- @AfterMethod tearDownMethod -->
  <testcase name="@AfterMethod tearDownMethod" time="0.0" classname="com.qa.pages.BaseClass">
    <skipped/>
  </testcase> <!-- @AfterMethod tearDownMethod -->
  <testcase name="@AfterClass tearDown" time="0.0" classname="com.qa.pages.BaseClass">
    <skipped/>
  </testcase> <!-- @AfterClass tearDown -->
  <testcase name="@AfterMethod tearDownMethod" time="0.0" classname="com.qa.pages.BaseClass">
    <skipped/>
  </testcase> <!-- @AfterMethod tearDownMethod -->
  <testcase name="@AfterMethod tearDownMethod" time="0.0" classname="com.qa.pages.BaseClass">
    <skipped/>
  </testcase> <!-- @AfterMethod tearDownMethod -->
  <testcase name="@AfterMethod tearDownMethod" time="0.0" classname="com.qa.pages.BaseClass">
    <skipped/>
  </testcase> <!-- @AfterMethod tearDownMethod -->
  <testcase name="@AfterClass tearDown" time="0.0" classname="com.qa.pages.BaseClass">
    <skipped/>
  </testcase> <!-- @AfterClass tearDown -->
  <testcase name="checkvalidUser" time="12.23" classname="com.qa.testcases.TestcreateInventoryforApplication"/>
  <testcase name="checkvalidUser" time="0.005" classname="com.qa.testcases.TestInventoryforPendingApprovals">
    <skipped/>
  </testcase> <!-- checkvalidUser -->
  <testcase name="basicDetails" time="0.001" classname="com.qa.testcases.TestcreateInventoryforApplication">
    <skipped/>
  </testcase> <!-- basicDetails -->
  <testcase name="approvalflowforinv" time="0.001" classname="com.qa.testcases.TestInventoryforPendingApprovals">
    <skipped/>
  </testcase> <!-- approvalflowforinv -->
  <testcase name="recoverDetails" time="0.006" classname="com.qa.testcases.TestcreateInventoryforApplication">
    <skipped/>
  </testcase> <!-- recoverDetails -->
  <testcase name="approverDetails" time="0.001" classname="com.qa.testcases.TestcreateInventoryforApplication">
    <skipped/>
  </testcase> <!-- approverDetails -->
  <testcase name="inventoryRequestCreated" time="0.005" classname="com.qa.testcases.TestcreateInventoryforApplication">
    <skipped/>
  </testcase> <!-- inventoryRequestCreated -->
  <testcase name="@BeforeSuite setUpSuite" time="0.0" classname="com.qa.pages.BaseClass">
    <ignored/>
  </testcase> <!-- @BeforeSuite setUpSuite -->
</testsuite> <!-- Test -->
