<?xml version="1.0" encoding="UTF-8"?>
<!-- Generated by org.testng.reporters.JUnitXMLReporter -->
<testsuite hostname="DESKTOP-AKV4U58" ignored="0" name="1" tests="3" failures="0" timestamp="14 Aug 2020 13:25:28 GMT" time="0.066" errors="0">
  <testcase name="@BeforeClass setup" time="0.0" classname="com.qa.pages.BaseClass">
    <failure type="java.lang.NullPointerException">
      <![CDATA[java.lang.NullPointerException
	at com.qa.pages.BaseClass.setup(BaseClass.java:30)
... Removed 25 stack frames]]>
    </failure>
  </testcase> <!-- @BeforeClass setup -->
  <testcase name="@AfterMethod tearDownMethod" time="0.0" classname="com.qa.pages.BaseClass">
    <skipped/>
  </testcase> <!-- @AfterMethod tearDownMethod -->
  <testcase name="@AfterMethod tearDownMethod" time="0.0" classname="com.qa.pages.BaseClass">
    <skipped/>
  </testcase> <!-- @AfterMethod tearDownMethod -->
  <testcase name="@AfterMethod tearDownMethod" time="0.0" classname="com.qa.pages.BaseClass">
    <skipped/>
  </testcase> <!-- @AfterMethod tearDownMethod -->
  <testcase name="@AfterClass tearDown" time="0.0" classname="com.qa.pages.BaseClass">
    <skipped/>
  </testcase> <!-- @AfterClass tearDown -->
  <testcase name="checkvalidUser" time="0.001" classname="com.qa.testcases2.TestfileserverInventorypage">
    <skipped/>
  </testcase> <!-- checkvalidUser -->
  <testcase name="draftFileserverInventorycreation" time="0.001" classname="com.qa.testcases2.TestfileserverInventorypage">
    <skipped/>
  </testcase> <!-- draftFileserverInventorycreation -->
  <testcase name="inventoryRequestCreated" time="0.003" classname="com.qa.testcases2.TestfileserverInventorypage">
    <skipped/>
  </testcase> <!-- inventoryRequestCreated -->
</testsuite> <!-- 1 -->
