<?xml version="1.0" encoding="UTF-8"?>
<!-- Generated by org.testng.reporters.JUnitXMLReporter -->
<testsuite hostname="DESKTOP-AKV4U58" ignored="0" name="Medhas Application Automation inventory workflow" tests="2" failures="1" timestamp="30 Jul 2020 04:24:27 GMT" time="42.26" errors="0">
  <testcase name="checkvalidUser" time="11.186" classname="com.qa.testcases.TestInventoryPendingApprovals"/>
  <testcase name="approvalflowforinv" time="15.566" classname="com.qa.testcases.TestInventoryPendingApprovals">
    <failure type="java.lang.NullPointerException">
      <![CDATA[java.lang.NullPointerException
	at org.openqa.selenium.support.pagefactory.internal.LocatingElementHandler.invoke(LocatingElementHandler.java:51)
	at com.sun.proxy.$Proxy11.click(Unknown Source)
	at com.qa.pages.InventoryPendingApprovals.approvalflowinv(InventoryPendingApprovals.java:93)
	at com.qa.testcases.TestInventoryPendingApprovals.approvalflowforinv(TestInventoryPendingApprovals.java:37)
... Removed 29 stack frames]]>
    </failure>
  </testcase> <!-- approvalflowforinv -->
</testsuite> <!-- Medhas Application Automation inventory workflow -->
