<?xml version="1.0" encoding="UTF-8"?>
<!-- Generated by org.testng.reporters.JUnitXMLReporter -->
<testsuite hostname="DESKTOP-AKV4U58" ignored="0" name="Medhas Application Automation inventory creation" tests="4" failures="0" timestamp="30 Jul 2020 04:23:44 GMT" time="0.071" errors="0">
  <testcase name="@BeforeClass setup" time="0.0" classname="com.qa.pages.BaseClass">
    <failure type="java.lang.NullPointerException">
      <![CDATA[java.lang.NullPointerException
	at com.qa.pages.BaseClass.setup(BaseClass.java:30)
... Removed 25 stack frames]]>
    </failure>
  </testcase> <!-- @BeforeClass setup -->
  <testcase name="@AfterMethod tearDownMethod" time="0.0" classname="com.qa.pages.BaseClass">
    <skipped/>
  </testcase> <!-- @AfterMethod tearDownMethod -->
  <testcase name="@AfterMethod tearDownMethod" time="0.0" classname="com.qa.pages.BaseClass">
    <skipped/>
  </testcase> <!-- @AfterMethod tearDownMethod -->
  <testcase name="@AfterMethod tearDownMethod" time="0.0" classname="com.qa.pages.BaseClass">
    <skipped/>
  </testcase> <!-- @AfterMethod tearDownMethod -->
  <testcase name="@AfterMethod tearDownMethod" time="0.0" classname="com.qa.pages.BaseClass">
    <skipped/>
  </testcase> <!-- @AfterMethod tearDownMethod -->
  <testcase name="@AfterClass tearDown" time="0.0" classname="com.qa.pages.BaseClass">
    <skipped/>
  </testcase> <!-- @AfterClass tearDown -->
  <testcase name="checkvalidUser" time="0.002" classname="com.qa.testcases.TestcreateInventoryforApplication">
    <skipped/>
  </testcase> <!-- checkvalidUser -->
  <testcase name="basicDetails" time="0.003" classname="com.qa.testcases.TestcreateInventoryforApplication">
    <skipped/>
  </testcase> <!-- basicDetails -->
  <testcase name="recoverDetails" time="0.004" classname="com.qa.testcases.TestcreateInventoryforApplication">
    <skipped/>
  </testcase> <!-- recoverDetails -->
  <testcase name="approverDetails" time="0.0" classname="com.qa.testcases.TestcreateInventoryforApplication">
    <skipped/>
  </testcase> <!-- approverDetails -->
</testsuite> <!-- Medhas Application Automation inventory creation -->
