<?xml version="1.0" encoding="UTF-8"?>
<!-- Generated by org.testng.reporters.JUnitXMLReporter -->
<testsuite hostname="LAPTOP-I33T45KV" failures="0" tests="2" name="Sanity Check" time="0.051" errors="0" timestamp="5 Dec 2022 11:59:47 GMT">
  <testcase classname="com.medhas.sanity.TestUserAccessReview" name="@BeforeClass setup" time="0.0">
    <failure type="java.lang.NullPointerException" message="Cannot invoke &amp;quot;org.openqa.selenium.WebDriver.manage()&amp;quot; because &amp;quot;driver&amp;quot; is null">
      <![CDATA[java.lang.NullPointerException: Cannot invoke "org.openqa.selenium.WebDriver.manage()" because "driver" is null
	at com.qa.utility.BrowserFactory.launchBrowser(BrowserFactory.java:34)
	at com.medhas.regression.BaseClass.setup(BaseClass.java:33)
... Removed 24 stack frames]]>
    </failure>
  </testcase> <!-- @BeforeClass setup -->
  <testcase classname="com.medhas.sanity.TestUserAccessReview" name="@AfterMethod tearDownMethod" time="0.0">
    <skipped/>
  </testcase> <!-- @AfterMethod tearDownMethod -->
  <testcase classname="com.medhas.sanity.TestUserAccessReview" name="@AfterMethod tearDownMethod" time="0.0">
    <skipped/>
  </testcase> <!-- @AfterMethod tearDownMethod -->
  <testcase classname="com.medhas.sanity.TestUserAccessReview" name="@AfterClass tearDown" time="0.0">
    <skipped/>
  </testcase> <!-- @AfterClass tearDown -->
  <testcase classname="com.medhas.sanity.TestUserAccessReview" name="loginwithSystemAdmin" time="0.002">
    <skipped/>
  </testcase> <!-- loginwithSystemAdmin -->
  <testcase classname="com.medhas.sanity.TestUserAccessReview" name="useraccessreview" time="0.001">
    <skipped/>
  </testcase> <!-- useraccessreview -->
</testsuite> <!-- Sanity Check -->
